"blank"			"=========================="
"blank"			"#Valve_Movement_Title"
"blank"			"=========================="
"+forward"				"#Valve_Move_Forward"
"+back"					"#Valve_Move_Back"
"+moveleft"				"#Valve_Move_Left"
"+moveright"			"#Valve_Move_Right"
"+leanl"	            "Lean left"
"+leanr"	            "Lean right"
"toggle_leanl"	        "Lean left (toggle)"
"toggle_leanr"	        "Lean right (toggle)"
"+sprint"             	"#Valve_Sprint"
"+walk"       	        "Walk"
"toggle_walk"			"Walk (toggle)"
"+jump"					"#Valve_Jump"
"+duck"					"#Valve_Duck"
"blank"			"=========================="
"blank"			"#Valve_Combat_Title"
"blank"			"=========================="
"+attack"				"#Valve_Primary_Attack"
"+attack2"				"Special"
"+aim"	 	            "Aim"
"+reload"				"#Valve_Reload_Weapon"
"+use"					"#Valve_Use_Items"
"slot1"					"Primary Weapon"
"slot2"					"Secondary Weapon"
"slot3" 				"Knife"
"slot4"					"Auxiliary Weapon(s)"
"slotgrenade"			"Grenade"
"slotsmoke"				"Smoke Grenade"
"slotremotedet"			"Remote Detpack"
"invnext"				"#Valve_Next_Weapon"
"invprev"				"#Valve_Previous_Weapon"
"lastinv"				"#Valve_Last_Weapon_Used"
"+toss"	 	            "Toss weapon"
"+use"		            "Use"
"+thermoptic"	        "Therm-Optic Camo"
"+vision"	            "Vision"
"blank"			"=========================="
"blank"			"#Valve_Communication_Title"
"blank"			"=========================="
"+voicerecord"			"#Valve_Use_Voice_Communication"
"messagemode"			"#Valve_Chat_Message"
"messagemode2"			"#Valve_Team_Message"
"+attack3"				"Ping Location"
"joinstar 1"	        "Join Alpha Star"
"joinstar 2"	        "Join Bravo Star"
"joinstar 3"	        "Join Charlie Star"
"joinstar 4"	        "Join Delta Star"
"joinstar 5"	        "Join Echo Star"
"joinstar 0"	        "Quit Star"
"blank"		    "=========================="
"blank"		    "MENUS"
"blank"		    "=========================="
"teammenu"	            "Team Menu"
"classmenu"	            "Class Menu"
"loadoutmenu"			"Loadout Menu"
"blank"			"=========================="
"blank"			"#Valve_Miscellaneous_Title"
"blank"			"=========================="
"jpeg"					"#Valve_Take_Screen_Shot"
"+showscores"			"#Valve_Display_Scores"
"impulse 201"			"#Valve_Spray_Logo"
"pause"					"#Valve_Pause_Game"
"quit"					"#Valve_Quit_Game"
"timeleft"				"Time Left in Round"
"askconnect_accept"	    "#Valve_Accept_Redirect"
"neo_mp3"				"MP3 Player"
"kdinfo_toggle"			"Toggle killer damage info"
"kdinfo_page_prev"		"Killer damage info previous page"
"kdinfo_page_next"		"Killer damage info next page"
"blank"			"=========================="
"blank"			"#Valve_Miscellaneous_Keyboard_Keys_Title"
"blank"			"=========================="
"+left"					"#Valve_Turn_Left"
"+right"				"#Valve_Turn_Right"
"+moveup"				"#Valve_Swim_Up"
"+movedown"				"#Valve_Swim_Down"
"+lookup"				"#Valve_Look_Up"
"+lookdown"				"#Valve_Look_Down"
"+strafe"				"#Valve_Strafe_Modifier"
"+klook"				"#Valve_Keyboard_Look_Modifier"
